Query: Add the first song from my music library to the playback queue and enable single song repeat mode
Planner: search for the user's music library
API Selector: GET /me/tracks
Caller: I need to make a GET request to retrieve a list of songs saved in the current Spotify user's "Your Music" library.
Operation: GET
Input: 
{
    "url": "https://api.spotify.com/v1/me/tracks",
    "params": {
        "market": "ES",
        "limit": 10,
        "offset": 0
    },
    "description": "The API response is a list of songs saved in the user's library.",
    "output_instructions": "What are the names and ids of the songs in the user's library?"
}
Code: 
# Extracting the names and ids of the songs in the user's library
first_track = data['items'][0]
track_name = first_track['track']['name']
track_id = first_track['track']['id']

print("The name of the song in the user's library is: {}".format(track_name))
print("The id of the song in the user's library is: {}".format(track_id))
Parser: The name of the song in the user's library is: 一生中最愛
The id of the song in the user's library is: 63ThoHdxN0lcHVPsHc4a8o


Caller: I need to make a POST request to add the first song from the user's library to the playback queue.
Operation: POST
Input:
{
    "url": "https://api.spotify.com/v1/me/player/queue",
    "params": {
        "uri": "spotify:track:63ThoHdxN0lcHVPsHc4a8o"
    },
    "description": "The API response is empty."
}
Parser: Successfully added the song to the playback queue.


Caller: I need to make a PUT request to enable single song repeat mode.
Operation: PUT
Input:
{
    "url": "https://api.spotify.com/v1/me/player/repeat",
    "params": {
        "state": "track"
    },
    "description": "The API response is empty."
}
Parser: Successfully enabled single song repeat mode.


=============
Ground truth: ['GET /me/tracks', 'POST /me/player/queue', 'PUT /me/player/repeat']