Query: Follow Taylor Swift
Planner: Search for the artist with name "Taylor Swift"
API Selector: GET /search?q=Taylor%20Swift&type=artist
Caller: I need to search for an artist named Taylor Swift.
Operation: GET
Input: {
    "url": "https://api.spotify.com/v1/search",
    "params": {
        "q": "Taylor Swift",
        "type": "artist"
    },
    "description": "Get Spotify catalog information about artists that match the keyword 'Taylor Swift'.",
    "output_instructions": "What is the id of the artist Taylor Swift?"
}
Code: 
artist_id = data['artists']['items'][0]['id']
print("The id of the artist Taylor Swift is {}".format(artist_id))
Parser: The id of the artist Taylor Swift is 06HL4z0CvFAxyc27GXpf02

Planner: Follow the artist with id 06HL4z0CvFAxyc27GXpf02
API Selector: PUT /me/following to add the current user as a follower of the artist with id 06HL4z0CvFAxyc27GXpf02
Caller: I need to make a PUT request to the /me/following endpoint to add the current user as a follower of the artist with id 06HL4z0CvFAxyc27GXpf02.
Operation: PUT
Input: 
{
    "url": "https://api.spotify.com/v1/me/following",
    "params": {
        "type": "artist",
        "ids": "06HL4z0CvFAxyc27GXpf02"
    },
    "description": "Add the current user as a follower of the artist with id 06HL4z0CvFAxyc27GXpf02.",
    "output_instructions": "No output instructions."
}
Parser: The current user has been successfully added as a follower of the artist with the ID 06HL4z0CvFAxyc27GXpf02.
Caller: Thought: I have successfully executed the plan and added the current user as a follower of the artist with id 06HL4z0CvFAxyc27GXpf02.
Planner: Thought: I am finished executing a plan and have successfully followed Taylor Swift.
Final Answer: You have successfully followed Taylor Swift.
Execution Time: 39 seconds


=============
Ground truth: ['GET /search', 'PUT /me/following']