Query: Clear my music library and cancel all following singers
Planner: Get the list of all songs in my music library
API Selector: GET /me/tracks
Caller: I need to make a GET request to retrieve a list of songs saved in the current Spotify user's "Your Music" library.
Operation: GET
Input: 
{
    "url": "https://api.spotify.com/v1/me/tracks",
    "params": {
        "market": "ES",
        "limit": 50,
        "offset": 0
    },
    "description": "The API response is a list of songs saved in the user's library.",
    "output_instructions": "What are the names and ids of the songs in the user's library?"
}
Code: 
# Extracting the names and ids of the songs in the user's library
songs = data['items']
song_names = [song['track']['name'] for song in songs]
song_ids = [song['track']['id'] for song in songs]

print("The names of the songs in the user's library are: {}".format(song_names))
print("The ids of the songs in the user's library are: {}".format(",".join(song_ids)))
Parser: The names of the songs in the user's library are: ['墮落天使', '水手', '星星點燈', '別哭我最愛的人', '用我一輩子去忘記']
The ids of the songs in the user's library are: 1F787Mni6LWy3f3lUMQFYw,3xRNwjF4BkUxQmrBAXes6g,502oVRqbvjsMlrT4hthQuJ,5CmzhSIjflACRRsUNCSuCL,7BLmfstW5bLQV5rWK8VD3B

Caller: Thought: I have successfully made the GET request to retrieve a list of songs saved in the current Spotify user's "Your Music" library. Now I need to extract the names and ids of the songs from the response.

Planner: Remove all songs from my music library (1F787Mni6LWy3f3lUMQFYw,3xRNwjF4BkUxQmrBAXes6g,502oVRqbvjsMlrT4hthQuJ,5CmzhSIjflACRRsUNCSuCL,7BLmfstW5bLQV5rWK8VD3B)
API Selector: DELETE /me/tracks to remove the songs from the user's library
Caller: I need to make a DELETE request to remove the songs from the user's library. I will use the ids of the songs as the parameter for the request.
Operation: DELETE
Input: 
{
    "url": "https://api.spotify.com/v1/me/tracks",
    "params": {
        "ids": "1F787Mni6LWy3f3lUMQFYw,3xRNwjF4BkUxQmrBAXes6g,502oVRqbvjsMlrT4hthQuJ,5CmzhSIjflACRRsUNCSuCL,7BLmfstW5bLQV5rWK8VD3B"
    },
    "description": "Remove the songs from the user's library.",
    "output_instructions": "No output instructions."
}
Parser: Successfully removed the songs from the library.


Caller: I need to get the list of all singers that I am following.
Operation: GET
Input:
{
    "url": "https://api.spotify.com/v1/me/following",
    "params": {
        "type": "artist",
        "limit": 50,
        "offset": 0
    },
    "description": "The API response is a list of artists that the user is following.",
    "output_instructions": "What are the names and ids of the artists that the user is following?"
}
Code:
artists = data['artists']['items']
artist_ids = [artist['id'] for artist in artists]
print("The ids of the artists that the user is following are: {}".format(",".join(artist_ids)))
Parser:
The ids of the artists that the user is following are: 05YT4pdGRdXfb1bpYNvrIu,06HL4z0CvFAxyc27GXpf02,2DqYjQiVXvk7yFkqpVb5wX,3D73KNJRMbV45N59E8IN0F,4iHNK0tOyZPYnBU7nGAgpQ,6XpaIBNiVzIetEPCWDvAFP,7Dx7RhX0mFuXhCOUgB01uM


Caller: I need to make a DELETE request to unfollow all the singers that I am following.
Operation: DELETE
Input:
{
    "url": "https://api.spotify.com/v1/me/following",
    "params": {
        "type": "artist",
        "ids": "05YT4pdGRdXfb1bpYNvrIu,06HL4z0CvFAxyc27GXpf02,2DqYjQiVXvk7yFkqpVb5wX,3D73KNJRMbV45N59E8IN0F,4iHNK0tOyZPYnBU7nGAgpQ,6XpaIBNiVzIetEPCWDvAFP,7Dx7RhX0mFuXhCOUgB01uM"
    },
    "description": "Unfollow all the artists that the user is following.",
    "output_instructions": "No output instructions."
}
Parser: Successfully unfollowed all the artists.

=============
Ground truth: ['GET /me/tracks', 'DELETE /me/tracks', 'GET /me/following', 'DELETE /me/following']