Query: Play the third song from my music library and set the single track repeat mode
Planner: search for my music library
API Selector: GET /me/tracks
Caller: I need to make a GET request to retrieve a list of songs saved in the current Spotify user's "Your Music" library.
Operation: GET
Input: 
{
    "url": "https://api.spotify.com/v1/me/tracks",
    "params": {
        "market": "ES",
        "limit": 10,
        "offset": 0
    },
    "description": "The API response is a list of songs saved in the user's library.",
    "output_instructions": "What are the names and ids of the songs in the user's library?"
}
Code: 
third_track = data['items'][2]
track_id = third_track['track']['id']
track_name = third_track['track']['name']
print("The name and id of the third track in My Music are: " + track_name + " and " + track_id + ".")
The name and id of the third track in My Music are: 天長地久 and 1nxJbK8FsX4EtYJh5BKJkv.

Caller: I need to play the third song(1nxJbK8FsX4EtYJh5BKJkv) from the user's music library.
Operation: PUT
Input:
{
    "url": "https://api.spotify.com/v1/me/player/play",
    "data": {
        "uris": ["spotify:track:1nxJbK8FsX4EtYJh5BKJkv"],
    },
    "description": "Play the third song(1nxJbK8FsX4EtYJh5BKJkv) from the user's music library.",
}
Parser: Successfully played the third song(1nxJbK8FsX4EtYJh5BKJkv) from the user's music library.


Caller: I need to set the single track repeat mode.
Operation: PUT
Input:
{
    "url": "https://api.spotify.com/v1/me/player/repeat",
    "params": {
        "state": "track",
    },
    "description": "Set the single track repeat mode.",
}
Parser: Successfully set the single track repeat mode.

=============
Ground truth: ['GET /me/tracks', 'PUT /me/player/play', 'PUT /me/player/repeat']