Query: Make top tracks of Taylor Swift a new playlist named "Love Taylor"
Planner: Search for artist with name "Taylor Swift"
API Selector: GET /search?q=Taylor%20Swift&type=artist
Caller: I need to search for an artist named Taylor Swift.
Operation: GET
Input: {
    "url": "https://api.spotify.com/v1/search",
    "params": {
        "q": "Taylor Swift",
        "type": "artist"
    },
    "description": "Get Spotify catalog information about artists that match the keyword 'Taylor Swift'.",
    "output_instructions": "What is the id of the artist Taylor Swift?"
}
Code: 
artist_id = data['artists']['items'][0]['id']
print("The id of the artist Taylor Swift is {}".format(artist_id))
Parser: The id of the artist Taylor Swift is 06HL4z0CvFAxyc27GXpf02

Caller: Execution Result: Successfully called GET /search to search for the artist "Taylor Swift". The id of the artist Taylor Swift is 06HL4z0CvFAxyc27GXpf02.
Planner: Get the top tracks of Taylor Swift (06HL4z0CvFAxyc27GXpf02)
API Selector: GET /artists/06HL4z0CvFAxyc27GXpf02/top-tracks
Caller: I need to get the top tracks of the artist "Taylor Swift" by calling the API endpoint GET /artists/{id}/top-tracks. I already have the artist id, which is 06HL4z0CvFAxyc27GXpf02. I will make a GET request to the API endpoint and include the artist id in the path parameter.

Operation: GET
Input: {
    "url": "https://api.spotify.com/v1/artists/06HL4z0CvFAxyc27GXpf02/top-tracks",
    "params": {
        "market": "US"
    },
    "description": "Get Spotify catalog information about Taylor Swift's top tracks in the US.",
    "output_instructions": "Return the names and ids of Taylor Swift's top tracks in the US."
}

Code: 
# Filter the tracks to get only Taylor Swift's tracks
taylor_swift_tracks = [track for track in data['tracks']['items'] if 'Taylor Swift' in [artist['name'] for artist in track['album']['artists']]]

# Extract the names and ids of Taylor Swift's tracks
track_names = [track['name'] for track in taylor_swift_tracks]
track_ids = [track['id'] for track in taylor_swift_tracks]

# Print the result
print("The names of Taylor Swift's top tracks are: {}".format(track_names))
print("The ids of Taylor Swift's top tracks are: {}".format(track_ids))
Code: 
# Extracting the names and ids of Taylor Swift's top tracks in the US
top_tracks = data['tracks']
result = []
for track in top_tracks:
    artists = track['album']['artists']
    for artist in artists:
        if artist['name'] == 'Taylor Swift':
            result.append("The id of the track is " + track['id'])
            result.append("The name of the track is " + track['name'])
print('\n'.join(result))
Parser: The id of the track is 1BxfuPKGuaTgP7aM0Bbdwr
The name of the track is Cruel Summer
The id of the track is 1Iq8oo9XkmmvCQiGOfORiz
The name of the track is Is It Over Now? (Taylor's Version) (From The Vault)
The id of the track is 0V3wPSX9ygBnCm8psDIegu
The name of the track is Anti-Hero
The id of the track is 1dGr1c8CrMLDpV6mPbImSI
The name of the track is Lover
The id of the track is 3CWq0pAKKTWb0K4yiglDc4
The name of the track is You’re Losing Me (From The Vault)
The id of the track is 4R2kfaDFhslZEMJqAFNpdd
The name of the track is cardigan
The id of the track is 1R0a2iXumgCiFb7HEZ7gUE
The name of the track is Don’t Blame Me
The id of the track is 5KD6AEm19QnMbfWpfoOHMl
The name of the track is Now That We Don't Talk (Taylor's Version) (From The Vault)
The id of the track is 3hUxzQpSfdDqwM3ZTFQY0K
The name of the track is august
The id of the track is 71BqAINEnezjQfxE4VuJfq
The name of the track is "Slut!" (Taylor's Version) (From The Vault)

- Track: Cruel Summer, ID: 1BxfuPKGuaTgP7aM0Bbdwr
- Track: Is It Over Now? (Taylor's Version) (From The Vault), ID: 1Iq8oo9XkmmvCQiGOfORiz
- Track: Anti-Hero, ID: 0V3wPSX9ygBnCm8psDIegu
- Track: Lover, ID: 1dGr1c8CrMLDpV6mPbImSI
- Track: You’re Losing Me (From The Vault), ID: 3CWq0pAKKTWb0K4yiglDc4
- Track: cardigan, ID: 4R2kfaDFhslZEMJqAFNpdd
- Track: Don’t Blame Me, ID: 1R0a2iXumg
Planner: Create a new playlist named "Love Taylor"
API Selector: POST /users/{user_id}/playlists to create a new playlist named "Love Taylor" for the current Spotify user
Caller: To execute the plan, I need to replace "{user_id}" in the API path with the appropriate value. I also need to provide the necessary parameters and request body for the POST request.

Operation: POST
Input: 
{
    "url": "https://api.spotify.com/v1/users/{user_id}/playlists",
    "description": "Create a new playlist named 'Love Taylor' for the current Spotify user.",
    "data": {
        "name": "Love Taylor",
        "description": "New playlist description",
        "public": false
    },
    "output_instructions": "What is the id of the new playlist?"
}
Parser: The id of the new playlist is not provided in the response. The response indicates an error with a status code of 403 and a message stating "You cannot create a playlist for another user."
Caller: Execution Result: Failed to execute the plan. The API call to create a new playlist named 'Love Taylor' for the current Spotify user failed with a status code of 403 and an error message stating "You cannot create a playlist for another user."
Planner: Continue. Create a new playlist named "Love Taylor" in my Spotify account.
API Selector: POST /me/playlists to create a new playlist named "Love Taylor" in the current Spotify user's account
API Selector: The API you called is not in the list of available APIs. Please use another API.
API Selector: Background: Successfully called GET /search to search for the artist "Taylor Swift". The id of the artist Taylor Swift is 06HL4z0CvFAxyc27GXpf02.
Successfully called GET /artists/06HL4z0CvFAxyc27GXpf02/top-tracks to get Spotify catalog information about Taylor Swift's top tracks in the US. The names and ids of Taylor Swift's top tracks in the US are:
- Track: Cruel Summer, ID: 1BxfuPKGuaTgP7aM0Bbdwr
- Track: Is It Over Now? (Taylor's Version) (From The Vault), ID: 1Iq8oo9XkmmvCQiGOfORiz
- Track: Anti-Hero, ID: 0V3wPSX9ygBnCm8psDIegu
- Track: Lover, ID: 1dGr1c8CrMLDpV6mPbImSI
- Track: You’re Losing Me (From The Vault), ID: 3CWq0pAKKTWb0K4yiglDc4
- Track: cardigan, ID: 4


=============
Ground truth: ['GET /artists/{id}/top-tracks', 'GET /me', 'POST /users/{user_id}/playlists', 'POST /playlists/{playlist_id}/tracks']