Query: Switch to the next song and set the single track repeat mode
Caller: I need to switch to the next song using the Spotify API /me/player/next of POST operation
Operation: POST
Input:
{
    "url": "https://api.spotify.com/v1/me/player/next",
    "description": "Switch to the next song",
}
Parser: Successfully switched to the next song

Caller: I need to set the single track repeat mode using the Spotify API /me/player/repeat of PUT operation
Operation: PUT
Input:
{
    "url": "https://api.spotify.com/v1/me/player/repeat",
    "params": {
        "state": "track"
    },
    "description": "Set the single track repeat mode",
}
Parser: Successfully set the single track repeat mode


=============
Ground truth: ['POST /me/player/next', 'PUT /me/player/repeat']