Query: Pause playback, turn down the volume and resume playing
Planner: Pause the playback
API Selector: GET /me/player/pause to pause the playback on the user's account
API Selector: The API you called is not in the list of available APIs. Please use another API.
API Selector: PUT /me/player/pause to pause playback on the user's account
Caller: I need to pause playback on the user's account. I will make a PUT request to the /me/player/pause endpoint.
Operation: PUT
Input: 
{
    "url": "https://api.spotify.com/v1/me/player/pause",
    "description": "Pause playback on the user's account."
}
Parser: Successfully paused playback on the user's account.

Planner: Turn down the volume
API Selector: PUT /me/player/volume to get the current volume on the user's account
Caller: I need to get the current volume on the user's account. I will make a GET request to the /me/player/volume endpoint.
Operation: PUT
Input:
{
    "url": "https://api.spotify.com/v1/me/player/volume",
    "params": {
        "volume_percent": 30
    },
    "description": "Change the current volume to 30 on the user's account."
}
Parser: Successfully changed the current volume to 30 on the user's account.

Planner: Resume playing
API Selector: PUT /me/player/play to resume playback on the user's account
Caller: I need to resume playback on the user's account. I will make a PUT request to the /me/player/play endpoint.
Operation: PUT
Input:
{
    "url": "https://api.spotify.com/v1/me/player/play",
    "description": "Resume playback on the user's account."
}
Parser: Successfully resumed playback on the user's account.

=============
Ground truth: ['PUT /me/player/pause', 'PUT /me/player/volume', 'PUT /me/player/play']