Query: Save Jay Chou's album Mojito
Planner: search for the album "Mojito" by Jay Chou
API Selector: GET /search?q=Mojito&type=album to search for the album "Mojito"
Caller: I need to make a GET request to search for the album "Mojito" using the /search endpoint. I will include the query parameter "q" with the value "Mojito" and the "type" parameter with the value "album".
Operation: GET
Input: 
{
    "url": "https://api.spotify.com/v1/search",
    "params": {
        "q": "Mojito",
        "type": "album"
    },
    "description": "Get Spotify catalog information about albums that match the keyword 'Mojito'",
    "output_instructions": "What is the id of the album 'Mojito'?"
}
Code: 
album_id = data['albums']['items'][0]['id']
print("The id of the album is {}".format(album_id))
Parser: The id of the album is 3YgAlfZsB8TBpUxh0mwoJj

Planner: Add the album 'Mojito' (id 3YgAlfZsB8TBpUxh0mwoJj) to my playlist
API Selector: PUT /me/albums to add the album 'Mojito' (id 3YgAlfZsB8TBpUxh0mwoJj) to the current user's 'Your Music' library
Caller: I need to make a PUT request to add the album 'Mojito' to the current user's 'Your Music' library. I will use the Spotify API endpoint PUT /me/albums and provide the album id in the request body.

Operation: PUT
Input: 
{
    "url": "https://api.spotify.com/v1/me/albums",
    "description": "Save the album 'Mojito' to the current user's 'Your Music' library.",
    "data": {
        "ids": ["3YgAlfZsB8TBpUxh0mwoJj"]
    }
}
Parser: The album 'Mojito' has been successfully saved to the current user's 'Your Music' library.
Planner: Thought: I am finished executing a plan and have the information the user asked for or the data the used asked to create
Final Answer: Jay Chou's album "Mojito" has been saved to your playlist.
Execution Time: 41 seconds


=============
Ground truth: ['GET /search', 'PUT /me/albums']