Query: Remove the first album from my music
Planner: Get the list of albums in the user's music collection
API Selector: GET /me/albums
Caller: I need to make a GET request to retrieve a list of albums saved in the current Spotify user's library.
Operation: GET
Input: 
{
    "url": "https://api.spotify.com/v1/me/albums",
    "params": {
        "limit": 10,
        "offset": 0,
        "market": "US"
    },
    "description": "The API response is a list of albums saved in the current Spotify user's library.",
    "output_instructions": "What are the names and ids of the albums saved in the user's library?"
}
Code: 
first_album_name = data['items'][0]['album']['name']
first_album_id = data['items'][0]['album']['id']

print("The name of the first album saved in the user's library is: {}".format(first_album_name))
print("The id of the first album saved in the user's library is: {}".format(first_album_id))
Parser: The name of the first album saved in the user's library is: Mojito
The id of the first album saved in the user's library is: 7tbxuapTRzi4FFCKsu2roS


Instruction: Continue. Remove the first album from the user's music collection (7tbxuapTRzi4FFCKsu2roS)
DELETE /me/albums to remove the album from the user's music collection
API Selector: DELETE /me/albums
Caller: I need to make a DELETE request to remove an album from the current Spotify user's library.
Operation: DELETE
Input:
{
    "url": "https://api.spotify.com/v1/me/albums",
    "params": {
        "ids": ["7tbxuapTRzi4FFCKsu2roS"]
    },
    "description": "The API response confirms that the album has been removed from the user's library.",
    "output_instructions": "What is the status code of the API response?"
}
Parser: The status code of the API response is: 200


=============
Ground truth: ['GET /me/albums', 'DELETE /me/albums']