Query: pause current song and resume it on 'My PC'
Planner: search for the currently playing song
API Selector: PUT /me/player/pause
Caller: I need to make a PUT request to the /me/player/pause endpoint to pause the currently playing song.
Operation: PUT
Input: 
{
    "url": "https://api.spotify.com/v1/me/player/pause",
    "description": "Get the track currently being played on the user's Spotify account.",
    "output_instructions": "What is the name of the currently playing track?"
}
Parser: Successfully paused the currently playing song.

Caller: I need to resume the currently playing song on 'My PC'.
Operation: PUT
Input:
{
    "url": "https://api.spotify.com/v1/me/player/play",
    "params": {
        "device_id": "My PC"
    },
    "description": "Get the track currently being played on the user's Spotify account.",
    "output_instructions": "What is the name of the currently playing track?"
}
Parser: Successfully resumed the currently playing song.

=============
Ground truth: ['PUT /me/player/pause', 'PUT /me/player/play']