Query: Skip to the next track and set the volume to 60
Planner: Skip to the next track
API Selector: GET /me/player/next to skip to the next track in the user's queue
API Selector: The API you called is not in the list of available APIs. Please use another API.
API Selector: POST /me/player/next to skip to the next track in the user's queue
Caller: I need to make a POST request to the /me/player/next endpoint to skip to the next track in the user's queue. I don't need any additional parameters or data for this request.
Operation: POST
Input: 
{
    "url": "https://api.spotify.com/v1/me/player/next",
    "description": "Skips to next track in the user's queue.",
    "output_instructions": "No output instructions."
}
Parser: Successfully skipped to the next track in the user's queue.

Caller: I need to make a PUT request to the /me/player/volume endpoint to set the volume to 60. I need to include the volume_percent parameter in the request body and set it to 60.
Operation: PUT
Input:
{
    "url": "https://api.spotify.com/v1/me/player/volume",
    "params": {
        "volume_percent": 60
    },
    "description": "Sets the volume for the user's current playback device.",
    "output_instructions": "No output instructions."
}
Parser: Successfully set the volume to 60.
Execution Time: 20 seconds


=============
Ground truth: ['POST /me/player/next', 'PUT /me/player/volume']