Query: remove the third track from My Music
Planner: search for the playlist "My Music"
API Selector: GET /me/tracks to get a list of playlists owned or followed by the current Spotify user
Caller: I need to make a GET request to the /me/tracks endpoint to retrieve a list of playlists owned or followed by the current Spotify user.
Operation: GET
Input: 
{
    "url": "https://api.spotify.com/v1/me/tracks",
    "description": "Get a list of playlists owned or followed by the current Spotify user.",
    "output_instructions": "Return the list of playlists."
}
                   
Code: 
third_track = data['items'][2]
track_id = third_track['track']['id']
track_name = third_track['track']['name']
print("The name and id of the third track in My Music are: " + track_name + " and " + track_id + ".")
Parser: The name and id of the third track in My Music are: 大國民 and 4Lio9rVKjGTllnV5OilLrB.

Caller: I need to make a DELETE request to the /me/tracks endpoint to remove the third track from My Music.
Operation: DELETE
Input:
{
    "url": "https://api.spotify.com/v1/me/tracks",
    "params": {
        "ids": "4Lio9rVKjGTllnV5OilLrB"
    },
    "description": "Remove the third track from My Music.",
    "output_instructions": "Return a confirmation message."
}
Parser: Successfully removed the third track from My Music.

=============
Ground truth: ['GET /me/tracks', 'DELETE /me/tracks']