Query: Set the single track repeat mode
Planner: Check if the device supports single track repeat mode
API Selector: GET /me/player/devices
Caller: I need to get information about a user's available devices.
Operation: GET
Input: 
{
    "url": "https://api.spotify.com/v1/me/player/devices",
    "description": "Get information about a user's available devices.",
    "output_instructions": "Return the list of available devices."
}
Code: 
devices = data['devices']['items']
device_names = [device['name'] for device in devices]
print("The available devices are: {}".format(", ".join(device_names)))
Code: 
devices = data['devices']
for device in devices:
    print("Device ID:", device['id'])
    print("Is Active:", device['is_active'])
    print("Is Private Session:", device['is_private_session'])
    print("Is Restricted:", device['is_restricted'])
    print("Name:", device['name'])
    print("Type:", device['type'])
    print("Volume Percent:", device['volume_percent'])
Parser: List of available devices: []

Explanation:
The JSON response indicates that there are no available devices for the user.
Planner: Continue. Check if the user is currently playing a track
API Selector: GET /me/player/currently-playing
Caller: I need to get the track currently being played on the user's Spotify account. Since I don't have any available devices, I won't be able to play any track. I should proceed with the API call and see the response.
Operation: GET
Input: {
    "url": "https://api.spotify.com/v1/me/player/currently-playing",
    "description": "Get the track currently being played on the user's Spotify account.",
    "output_instructions": "Return the name and id of the currently playing track."
}
Code: 
name = data['item']['name']
id = data['item']['id']

print("The name of the currently playing track is {}".format(name))
print("The id of the currently playing track is {}".format(id))


=============
Ground truth: ['PUT /me/player/repeat']