Query: Follow all the artists involved in the playlist 'My R&B'
Planner: Search for the playlist with name "My R&B"
API Selector: GET /me/playlists
Caller: I need to make a GET request to retrieve a list of playlists owned or followed by the current Spotify user. I should also consider the optional parameters for limit and offset.
Operation: GET
Input: 
{
    "url": "https://api.spotify.com/v1/me/playlists",
    "params": {
        "limit": 50,
        "offset": 0
    },
    "description": "Retrieve a list of playlists owned or followed by the current Spotify user.",
    "output_instructions": "Return the names and ids of the playlists."
}
Code: 
playlists = data['items']
result = [(playlist['name'], playlist['id']) for playlist in playlists if playlist['name'] == 'My R&B']
print("The name and id of the playlist 'My R&B' is: {}".format(result))
Parser: The name and id of the playlist 'My R&B' is: [('My R&B', '7bq0Wz8R93Iq5bm7uZzbZW')]


Planner: Follow all the artists involved in the playlist 'My R&B' (7bq0Wz8R93Iq5bm7uZzbZW)
API Selector: GET /playlists/7bq0Wz8R93Iq5bm7uZzbZW/tracks to get the tracks in the playlist 'My R&B' (7bq0Wz8R93Iq5bm7uZzbZW)
Caller: I need to call the GET /playlists/{playlist_id}/tracks endpoint to get the tracks in the playlist 'My R&B' (7bq0Wz8R93Iq5bm7uZzbZW). I already have the playlist ID, so I can proceed with the API call.

Operation: GET
Input: {
    "url": "https://api.spotify.com/v1/playlists/7bq0Wz8R93Iq5bm7uZzbZW/tracks",
    "description": "Get the tracks in the playlist 'My R&B' (7bq0Wz8R93Iq5bm7uZzbZW).",
    "output_instructions": "Return the names and ids of the tracks in the playlist."
}

Code: 
playlist_tracks = data['items']
track_artist_names = [track['artists'][0]['name'] for track in playlist_tracks]
track_artist_ids = [track['artists'][0]['id'] for track in playlist_tracks]
print("The artists involved in the playlist 'My R&B' are: {}".format(track_artist_names))
print("The ids of the artists involved in the playlist 'My R&B' are: {}".format(track_artist_ids))
The artists involved in the playlist 'My R&B' are: ['Kosetsu Minami', 'Mika Nakashima', 'JJ Lin']
The ids of the artists involved in the playlist 'My R&B' are: ['05YT4pdGRdXfb1bpYNvrIu', '3D73KNJRMbV45N59E8IN0F', '7Dx7RhX0mFuXhCOUgB01uM']


Caller: I need to make a PUT request to follow the artists involved in the playlist 'My R&B' are: ['05YT4pdGRdXfb1bpYNvrIu', '3D73KNJRMbV45N59E8IN0F', '7Dx7RhX0mFuXhCOUgB01uM']
Operation: PUT
Input: {
    "url": "https://api.spotify.com/v1/me/following",
    "params": {
        "type": "artist",
        "ids": "05YT4pdGRdXfb1bpYNvrIu,3D73KNJRMbV45N59E8IN0F,7Dx7RhX0mFuXhCOUgB01uM"
    },
    "description": "Follow the artists involved in the playlist 'My R&B' (7bq0Wz8R93Iq5bm7uZzbZW).",
    "output_instructions": "Return the status code of the request."
}
Parser: Successfully followed the artists involved in the playlist 'My R&B' (7bq0Wz8R93Iq5bm7uZzbZW).

=============
Ground truth: ['GET /me', 'GET /playlists/{playlist_id}', 'PUT /me/following']