Query: Delete all music from my 'My R&B' playlist and rename it as 'Test'
Planner: search for my playlist with name "My R&B"
API Selector: GET /me/playlists
Caller: I need to make a GET request to retrieve a list of playlists owned or followed by the current Spotify user. I should also consider the optional parameters for limit and offset.
Operation: GET
Input: 
{
    "url": "https://api.spotify.com/v1/me/playlists",
    "params": {
        "limit": 10,
        "offset": 0
    },
    "description": "Retrieve a list of playlists owned or followed by the current Spotify user.",
    "output_instructions": "Return the names and ids of the playlists."
}
Code: 
playlists = data['items']
result = [(playlist['name'], playlist['id']) for playlist in playlists]
print("The names and ids of the playlists are: {}".format(result))
Parser: The names and ids of the playlists are: [('My Private Playlist', '6RY7aKoYeLfDfiLPPg1Uz5'), ('BIGBANG', '2EYdTTZjXjFa2IEbbISTOK'), ('Quiet', '0W34DgVU57EtmlvUKDw3hN'), ('My Top', '3PTsJDuWwb59iexifOLyWA'), ('Love Taylor', '3KrnAOiCydWQVo7s920bQt'), ('My Rock', '7fM2mpze7xVh7wZO9UdXRj'), ('My First', '1EWvvnv0PmX7R6kaEriSzr'), ('Love Mariah', '4eQFfZuFumiILQSIzm2fWQ')]

1. Playlist Name: My Private Playlist, Playlist ID: 6RY7aKoYeLfDfiLPPg1Uz5
2. Playlist Name: BIGBANG, Playlist ID: 2EYdTTZjXjFa2IEbbISTOK
3. Playlist Name: Quiet, Playlist ID: 0W34DgVU57EtmlvUKDw3hN
4. Playlist Name: My Top, Playlist ID: 3PTsJDuWwb59iexifOLyWA
5. Playlist Name: Love Taylor, Playlist ID: 3KrnAOiCydWQVo7s920bQt
6. Playlist Name: My Rock, Playlist ID: 7fM2mpze7xVh7wZO9UdXRj
7. Playlist Name: My First, Playlist ID: 1EWvvnv0PmX7R6kaEriSzr
8. Playlist Name: Love Mariah, Playlist ID: 4eQ
Planner: Continue. search for my playlist with name "My R&B" (6RY7aKoYeLfDfiLPPg1Uz5)
API Selector: GET /playlists/6RY7aKoYeLfDfiLPPg1Uz5
Caller: I need to retrieve the details of the playlist with the ID "6RY7aKoYeLfDfiLPPg1Uz5".
Operation: GET
Input: {
    "url": "https://api.spotify.com/v1/playlists/6RY7aKoYeLfDfiLPPg1Uz5",
    "description": "Get the details of the playlist with the ID '6RY7aKoYeLfDfiLPPg1Uz5'.",
    "output_instructions": "Return the name and description of the playlist."
}
Code: 
name = data['name']
description = data['description']

print("The name of the playlist is {}".format(name))
print("The description of the playlist is {}".format(description))
Parser: The name of the playlist is My Private Playlist
The description of the playlist is My private playlist for my favorite songs

Caller: Thought: The GET request to retrieve the details of the playlist with the ID "6RY7aKoYeLfDfiLPPg1Uz5" was successful. I have obtained the name and description of the playlist.
Planner: Continue
API Selector: No API call needed. The playlist with the name "My R&B" does not exist in your playlists.
Planner: Final Answer: The playlist with the name "My R&B" does not exist in your playlists.
Execution Time: 57 seconds


=============
Ground truth: ['GET /me/playlists', 'DELETE /playlists/{playlist_id}/tracks', 'PUT /playlists/{playlist_id}']