Query: Follow all the singers involved in the song When You Believe
Planner: Search for the song "When You Believe"
API Selector: GET /search?q=When%20You%20Believe&type=track
Caller: I need to make a GET request to search for a track with the keyword "When You Believe".
Operation: GET
Input: 
{
    "url": "https://api.spotify.com/v1/search",
    "params": {
        "q": "When You Believe",
        "type": "track"
    },
    "description": "Get Spotify catalog information about tracks that match the keyword 'When You Believe'.",
    "output_instructions": "What is the id of the track?"
}
Code: 
track_id = data['tracks']['items'][0]['id']
print("The id of the track is {}".format(track_id))
Parser: The id of the track is 0JN7vUgUolHGHFrOR8xk7S

Caller: Thought: I have successfully executed the plan and obtained the id of the track "When You Believe". 
Planner: Get the list of artists involved in the song When You Believe (0JN7vUgUolHGHFrOR8xk7S)
API Selector: GET /tracks/0JN7vUgUolHGHFrOR8xk7S
Caller: I need to execute the plan by making a GET request to the /tracks/{id} endpoint with the track id "0JN7vUgUolHGHFrOR8xk7S".
Operation: GET
Input: {
    "url": "https://api.spotify.com/v1/tracks/0JN7vUgUolHGHFrOR8xk7S",
    "description": "Get Spotify catalog information for a single track identified by its unique Spotify ID.",
    "output_instructions": "Return the Spotify catalog information for the track."
}
Code: 
album_type = data['album']['album_type']
release_date = data['album']['release_date']
artist_name = data['album']['artists'][0]['name']

print("The album type is {}".format(album_type))
print("The release date of the album is {}".format(release_date))
print("The name of the artist is {}".format(artist_name))
Parser: The album type is album
The release date of the album is 1998-11-17
The name of the artist is Whitney Houston

Planner: Search for all the singers involved in the album "When You Believe" by Whitney Houston
API Selector: GET /albums/{id}/tracks to get Spotify catalog information about the tracks in the album "When You Believe" (album id is obtained from the background)
Caller: I need to call the GET /albums/{id}/tracks API to get the tracks in the album "When You Believe". I already have the album id from the background information, so I can use that to make the API call.
Operation: GET
Input: 
{
    "url": "https://api.spotify.com/v1/albums/0JN7vUgUolHGHFrOR8xk7S/tracks",
    "description": "Get Spotify catalog information about the tracks in the album 'When You Believe'",
    "output_instructions": "What are the names and ids of the tracks in the album?"
}
Code: 
tracks = data['items']
track_names = [track['name'] for track in tracks]
track_ids = [track['id'] for track in tracks]

print("The names of the tracks in the album are: {}".format(track_names))
print("The ids of the tracks in the album are: {}".format(track_ids))
Code: 
data = {
  "error" : {
    "status" : 404,
    "message" : "Non existing id: '0JN7vUgUolHGHFrOR8xk7S'"
  }
}

if "items" in data:
    for item in data["items"]:
        track_name = item["name"]
        track_id = item["id"]
        print(f"The name of the track is {track_name}")
        print(f"The id of the track is {track_id}")
else:
    print("No tracks found in the album.")
Parser: No tracks found in the album.

Caller: Thought: The API call to GET /albums/{id}/tracks did not return any tracks for the album "When You Believe". I cannot proceed with the plan as there are no tracks to retrieve.


=============
Ground truth: ['GET /search', 'GET /track/{id}', 'PUT /me/following']