Query: Follow the artist of the first song recently played
Planner: Get the recently played songs
API Selector: GET /me/player/recently-played to get the recently played songs
Caller: I need to make a GET request to the /me/player/recently-played endpoint to retrieve the recently played songs. I don't need to provide any parameters for this request.
Operation: GET
Input: 
{
    "url": "https://api.spotify.com/v1/me/player/recently-played",
    "description": "The API response is a list of the current user's recently played tracks.",
    "output_instructions": "What are the names and ids of the recently played songs?"
}
Code: 
result = (data['items'][0]['track']['name'], data['items'][0]['track']['id'])
print("The name and id of the first recently played song are: {}".format(result))
The name and id of the first recently played song are: ("Welcome To New York (Taylor's Version)", '4WUepByoeqcedHoYhSNHRt')

Caller: I need to find the artist of the first recently played song. I can do this by making a GET request to the /tracks/{id} endpoint. I need to provide the id of the first recently played song as a parameter for this request.
Operation: GET
Input:
{
    "url": "https://api.spotify.com/v1/tracks/4WUepByoeqcedHoYhSNHRt",
    "description": "The API response is a track object.",
    "output_instructions": "What is the name of the artist of the first recently played song?"
}
Code:
result = data['artists'][0]['id']
print("The id of the artist of the first recently played song is: {}".format(result))
Parser: The id of the artist of the first recently played song is: 06HL4z0CvFAxyc27GXpf02

Caller: I need to follow the artist of id 06HL4z0CvFAxyc27GXpf02. I can do this by making a PUT request to the /me/following endpoint. I need to provide the id of the artist as a parameter for this request.
Operation: PUT
Input:
{
    "url": "https://api.spotify.com/v1/me/following",
    "data": {
        "type": "artist",
        "ids": ["06HL4z0CvFAxyc27GXpf02"]
    },
    "description": "The API response is a list of the current user's recently played tracks.",
    "output_instructions": "What are the names and ids of the recently played songs?"
}
Parser: Successfully followed the artist of id 06HL4z0CvFAxyc27GXpf02, Taylor Swift.


=============
Ground truth: ['GET /me/player/currently-playing', 'GET /tracks/{id}', 'PUT /me/following']