Query: show me the name of Maroon 5's newest album
Planner: search artist with name "Maroon 5"
API Selector: GET /search?q=Maroon%205&type=artist
Caller: I need to search for the artist "Maroon 5" using the Spotify API.
Operation: GET
Input: {
    "url": "https://api.spotify.com/v1/search",
    "params": {
        "q": "Maroon%205",
        "type": "artist"
    },
    "description": "Get Spotify catalog information about artists that match the keyword 'Maroon 5'.",
    "output_instructions": "What is the id of the artist 'Maroon 5'?"
}
Code: 
artist_id = data['artists']['items'][0]['id']
print("The id of the artist is {}".format(artist_id))
Parser: The id of the artist is 04gDigrS5kc9YWfZHwBETP

Planner: Get the newest album of Maroon 5 (04gDigrS5kc9YWfZHwBETP)
API Selector: GET /artists/04gDigrS5kc9YWfZHwBETP/albums
Caller: I need to make a GET request to the endpoint /artists/{id}/albums to get information about the albums of the artist with the id '7v1NlLtP82T0FMIrE9gvu4'.
Operation: GET
Input: {
    "url": "https://api.spotify.com/v1/artists/04gDigrS5kc9YWfZHwBETP/albums",
    "description": "Get Spotify catalog information about an artist's albums.",
    "output_instructions": "Return the names and ids of the albums."
}

Code: 
album_names = [album['name'] for album in data['items']]
print("The name of the newest album is: {}".format(album_names[0]))

Parser: The name of the newest album is: JORDI (Deluxe)

=============
Ground truth: ['GET /search', 'GET /artists/{id}/albums']