Query: Make my first playlist private
Planner: Search for the user's first playlist
API Selector: GET /me/playlists
Caller: I need to retrieve a list of playlists owned or followed by the current Spotify user.
Operation: GET
Input: 
{
    "url": "https://api.spotify.com/v1/me/playlists",
    "params": {
        "limit": 10,
        "offset": 0
    },
    "description": "The API response is a list of playlists owned or followed by the current Spotify user.",
    "output_instructions": "What are the names and ids of the playlists?"
}
Code:
playlist = data['items'][0]
playlist_name = playlist['name']
playlist_id = playlist['id']
print("The name of the playlist is: {}".format(playlist_name))
print("The id of the playlist is: {}".format(playlist_id))
Parser: The name of the playlist is: BIGBANG
The id of the playlist is: 65UPIEEe06TZHzMxIyfkuN


Caller: Thought: Now that I have the names and ids of the playlist, I can find the id of the user's first playlist.
Operation: PUT
Input: {
    "url": "https://api.spotify.com/v1/playlists/65UPIEEe06TZHzMxIyfkuN",
    "data": {
        "public": False
    },
    "description": "Change the privacy of the user's first playlist to private."
}
Parser: The privacy of the playlist has been changed to private.


=============
Ground truth: ['GET /me/playlists', 'PUT /playlists/{playlist_id}']