Query: Add album Mojito to my music library
Planner: search album with name "Mojito"
API Selector: GET /search?q=Mojito&type=album
Caller: I need to make a GET request to search for albums with the keyword "Mojito".
Operation: GET
Input: 
{
    "url": "https://api.spotify.com/v1/search",
    "params": {
        "q": "Mojito",
        "type": "album"
    },
    "description": "Get Spotify catalog information about albums that match the keyword 'Mojito'.",
    "output_instructions": "What are the names and ids of the albums that match the keyword 'Mojito'?"
}
Code: 
album = data['albums']['items'][0]
album_name = album['name']
album_id = album['id']
print("The name of the album that match the keyword 'Mojito' is: {}".format(album_name))
print("The id of the album that match the keyword 'Mojito' is: {}".format(album_id))

Parser: The name of the album that match the keyword 'Mojito' is: Mojito (Piano Cover)
The id of the album that match the keyword 'Mojito' is: 504cIPU7nHpxfKsG0AAAPK


Planner: Add album 'Mojito (Piano Cover)' (id 504cIPU7nHpxfKsG0AAAPK) to my music library
API Selector: PUT /me/albums to add album 'Mojito (Piano Cover)' (id 504cIPU7nHpxfKsG0AAAPK) to my music library
Caller: I need to execute the PUT /me/albums API call to add the album 'Mojito' to my music library. I already have the album id, which is 3YgAlfZsB8TBpUxh0mwoJj.

Operation: PUT
Input: {
    "url": "https://api.spotify.com/v1/me/albums",
    "params": {
        "ids": "504cIPU7nHpxfKsG0AAAPK"
    },
    "description": "Save the album 'Mojito' to my music library.",
    "output_instructions": "No output instructions."
}
Parser: Successfully added album 'Mojito (Piano Cover)' to your music library.



=============
Ground truth: ['GET /search', 'PUT /me/albums']