Query: Recommend more artists base on my first following artist
Planner: Get the list of artists that the user is following
API Selector: GET /me/following
Caller: I need to make a GET request to retrieve the current user's followed artists.
Operation: GET
Input: 
{
    "url": "https://api.spotify.com/v1/me/following",
    "params": {
        "type": "artist"
    },
    "description": "Get the current user's followed artists.",
    "output_instructions": "No specific output instructions."
}
Code: 
# Extracting the name and id of the followed artists
followed_artists = data['artists']['items']
artist_names = [artist['name'] for artist in followed_artists]
artist_ids = [artist['id'] for artist in followed_artists]

print("The names of the followed artists are: {}".format(artist_names))
print("The ids of the followed artists are: {}".format(artist_ids))
Parser: The names of the followed artists are: []
The ids of the followed artists are: []

Caller: Thought: The GET request was successful, but there are no followed artists for the current user.
Planner: Final Answer: I'm sorry, but you are not currently following any artists.
Execution Time: 20 seconds


=============
Ground truth: ['GET /me/following', 'GET /artists/{id}/related-artists']