Query: Rename my first playlist to "My First"
Planner: Get the list of my playlists
API Selector: GET /me/playlists
Caller: I need to retrieve a list of playlists owned or followed by the current Spotify user.
Operation: GET
Input: 
{
    "url": "https://api.spotify.com/v1/me/playlists",
    "params": {
        "limit": 10,
        "offset": 0
    },
    "description": "The API response is a list of playlists owned or followed by the current Spotify user.",
    "output_instructions": "What are the names and ids of the playlists?"
}
Code: 
first_playlist_name = data['items'][0]['name']
first_playlist_id = data['items'][0]['id']

print("The name of the first playlist is: {}".format(first_playlist_name))
print("The id of the first playlist is: {}".format(first_playlist_id))
Parser: The name of the first playlist is: Love Mariah
The id of the first playlist is: 1seWVe5OhaIFgqvzVQPNqI

Planner: Rename the playlist with id '1seWVe5OhaIFgqvzVQPNqI' to "My First"
API Selector: PUT /playlists/1seWVe5OhaIFgqvzVQPNqI to change the name of the playlist with id '1seWVe5OhaIFgqvzVQPNqI' to "My First"
Caller: I need to execute the PUT request to change the name of the playlist with id '1seWVe5OhaIFgqvzVQPNqI' to "My First".
Operation: PUT
Input: {
    "url": "https://api.spotify.com/v1/playlists/1seWVe5OhaIFgqvzVQPNqI",
    "description": "Change the name of the playlist with id '1seWVe5OhaIFgqvzVQPNqI' to 'My First'",
    "data": {
        "name": "My First"
    }
}

Parser: The name of the playlist with id '1seWVe5OhaIFgqvzVQPNqI' has been changed to 'My First'.
Caller: Thought: The PUT request to change the name of the playlist with id '1seWVe5OhaIFgqvzVQPNqI' to "My First" has been successfully executed.
Planner: Thought: I am finished executing a plan and have the information the user asked for or the data the used asked to create
Final Answer: Your first playlist has been renamed to "My First".
Execution Time: 50 seconds


=============
Ground truth: ['GET /me/playlists', 'PUT /playlists/{playlist_id}']