Query: remove the second track from my playlist 'My R&B'
Planner: search for my playlist 'My R&B'
API Selector: GET /me/playlists
Caller: I need to retrieve a list of playlists owned or followed by the current Spotify user.
Operation: GET
Input: 
{
    "url": "https://api.spotify.com/v1/me/playlists",
    "params": {
        "limit": 10,
        "offset": 0
    },
    "description": "The API response is a list of playlists owned or followed by the current Spotify user.",
    "output_instructions": "What are the names and ids of the playlists?"
}
Code: 
playlists = data['items']
result = [(playlist['name'], playlist['id']) for playlist in playlists if playlist['name'] == 'My R&B']
print("The name and id of the playlist 'My R&B' is: {}".format(result))
Parser: The name and id of the playlist 'My R&B' is: [('My R&B', '7bq0Wz8R93Iq5bm7uZzbZW')]

Planner: Remove the second track from the playlist 'My R&B' (7bq0Wz8R93Iq5bm7uZzbZW)
API Selector: GET /playlists/7bq0Wz8R93Iq5bm7uZzbZW/tracks to get the tracks of the playlist 'My R&B' (7bq0Wz8R93Iq5bm7uZzbZW)
Caller: I need to call the GET /playlists/{playlist_id}/tracks endpoint to get the tracks of the playlist 'My R&B' (7bq0Wz8R93Iq5bm7uZzbZW). I already have the playlist id, so I can proceed with the API call.

Operation: GET
Input: {
    "url": "https://api.spotify.com/v1/playlists/7bq0Wz8R93Iq5bm7uZzbZW/tracks",
    "description": "Get the tracks of the playlist 'My R&B'",
    "output_instructions": "Return the names and ids of the tracks in the playlist"
}

Code: 
# Given JSON response stored in 'data' variable

# Extracting the names and ids of the tracks in the playlist
track = data['items'][1]
track_name = track['track']['name']
track_id = track['track']['id']

# Printing the result
print("The name of the tracks in the playlist is: {}".format(track_name))
print("The id of the tracks in the playlist is: {}".format(track_id))
Parser: The name of the tracks in the playlist is: LIFE
The id of the tracks in the playlist is: 2mGEQITv0Na4anchcYXl9k

Caller: I need to delete the track 'LIFE' (2mGEQITv0Na4anchcYXl9k) from the playlist 'My R&B' (7bq0Wz8R93Iq5bm7uZzbZW)
API Selector: DELETE /playlists/7bq0Wz8R93Iq5bm7uZzbZW/tracks
Operation: DELETE
Input: {
    "url": "https://api.spotify.com/v1/playlists/7bq0Wz8R93Iq5bm7uZzbZW/tracks",
    "data": {
        "tracks": [
            {
                "uri": "spotify:track:2mGEQITv0Na4anchcYXl9k"
            }
        ]
    },
    "description": "Remove the track 'LIFE' (2mGEQITv0Na4anchcYXl9k) from the playlist 'My R&B' (7bq0Wz8R93Iq5bm7uZzbZW)",
    "output_instructions": "Return the name and id of the track that was removed"
}
Parser: The snapshot_id is "Niw3OTgxMGM2YTE1ODZkNzA3YzkxNTM1N2FiNThkYzY2MDFlOGQxODFi". Successfully operated.

=============
Ground truth: ['GET /me/playlists', 'GET /playlists/{playlist_id}/tracks', 'DELETE /playlists/{playlist_id}/tracks']