Query: Follow the artist of the album Mojito
Planner: Search for the album with the name "Mojito"
API Selector: GET /search?q=Mojito&type=album
Caller: I need to make a GET request to search for albums with the keyword "Mojito".
Operation: GET
Input: 
{
    "url": "https://api.spotify.com/v1/search",
    "params": {
        "q": "Mojito",
        "type": "album"
    },
    "description": "Get Spotify catalog information about albums that match the keyword 'Mojito'.",
    "output_instructions": "What are the names and ids of the albums that match the keyword 'Mojito'?"
}
Code: 
albums = data['albums']['items']
album_name = [album['name'] for album in albums if album['artists'][0]['name'] == 'Jay Chou']
album_id = [album['id'] for album in albums if album['artists'][0]['name'] == 'Jay Chou']
print("The name of the albums that match the keyword 'Mojito' is: {}".format(album_name))
print("The id of the albums that match the keyword 'Mojito' is: {}".format(album_id))

Parser: The name of the albums that match the keyword 'Mojito' is: ['Mojito']
The id of the albums that match the keyword 'Mojito' is: ['7tbxuapTRzi4FFCKsu2roS']

Planner: Continue
API Selector: GET /albums/7tbxuapTRzi4FFCKsu2roS
Caller: I need to make a GET request to retrieve information about the album with the id '7tbxuapTRzi4FFCKsu2roS'.
Operation: GET
Input:
{
    "url": "https://api.spotify.com/v1/albums/7tbxuapTRzi4FFCKsu2roS",
    "description": "Get Spotify catalog information for a single album.",
    "output_instructions": "What is the artist of the album with the id '7tbxuapTRzi4FFCKsu2roS'?"
}
Code:
artist_name = data['artists'][0]['name']
artist_id = data['artists'][0]['id']
print("The artist of the album with the id '7tbxuapTRzi4FFCKsu2roS' is: {}".format(artist_id))
Parser: The artist of the album with the id '7tbxuapTRzi4FFCKsu2roS' is: 2elBjNSdBE2Y3f0j1mjrql

Caller: Now I know the artist of the album with the id '7tbxuapTRzi4FFCKsu2roS' is 'Jay Chou', I need to make a GET request to retrieve information about the artist with the id '2elBjNSdBE2Y3f0j1mjrql'.
Operation: PUT
Input:
{
    "url": "https://api.spotify.com/v1/me/following",
    "params": {
        "type": "artist",
        "ids": "2elBjNSdBE2Y3f0j1mjrql"
    },
    "description": "Add the current user as a follower of one or more artists."
}
Parser: Successfully followed the artist with the id '2elBjNSdBE2Y3f0j1mjrql'.


=============
Ground truth: ['GET /search', 'GET /albums/{id}', 'PUT /me/following']