Query: Skip to the next track
Planner: Continue
API Selector: GET /me
Caller: I need to make a GET request to retrieve detailed profile information about the current user.
Operation: GET
Input: 
{
    "url": "https://api.spotify.com/v1/me",
    "description": "Get detailed profile information about the current user.",
    "output_instructions": "Return the current user's username."
}
Code: 
username = data['display_name']
print("The current user's username is {}".format(username))
Parser: The current user's username is 施政良

Caller: Thought: I have successfully called GET /me and retrieved the current user's username, which is 施政良.
Planner: Continue
API Selector: No API call needed. The current user's username is 施政良.
Planner: Final Answer: I'm sorry, but I couldn't find a suitable plan to fulfill your query.
Execution Time: 21 seconds


=============
Ground truth: ['POST /me/player/next']