Query: play me some quiet songs
Planner: search for songs with the keyword "quiet"
API Selector: GET /search?q=quiet&type=track
Caller: I need to make a GET request to search for tracks that match the keyword "quiet".
Operation: GET
Input: 
{
    "url": "https://api.spotify.com/v1/search",
    "params": {
        "q": "quiet",
        "type": "track"
    },
    "description": "Get Spotify catalog information about tracks that match the keyword 'quiet'.",
    "output_instructions": "Return the id(s) and name(s) of the tracks that match the search."
}
Code: 
tracks = data['tracks']['items']
track_info = [(track['id'], track['name']) for track in tracks]
tracks_ids = [track['id'] for track in tracks]
print("The id(s) and name(s) of the tracks that match the search are {}".format(track_info))
print("The id(s) of the tracks that match the search are {}".format(tracks_ids))
Parser: The id(s) and name(s) of the tracks that match the search are [('75pOOR8GRCA5vTNglnJGsH', 'Quiet'), ('7fY5bvnh1EDqF2SS4JnOKS', 'QUIET - Acoustic'), ('2OShSwyI5I6XU45ipUux6Q', 'Quiet'), ('4VcNkcaVuZ26hdQvVg9A9j', 'Quiet Heart'), ('0DnhhwJ9zw3xjRHGB7eo7R', 'Quiet Times'), ('1QIsVlaCz3U5GfsEJE9O8L', 'Quiet Storm'), ('665Prhaf0Ob6J6p7SKpaQE', 'Quiet'), ('27C9JH4I82re0R5qAqjZFy', 'Quiet'), ('2r1pq34i8ddPXyxvfqDBCG', 'Quiet Eyes'), ('3scN63kYXt3MQTbPIy68uZ', 'quiet room - self cover'), ('5UOhiSuywxh22VLsnTieUW', 'Quiet At Dawn'), ('481yC2QRW9qVKQiZDLzOHu', 'Quiet Song'), ('2oafUifmaR1uBS3o9o7uLO', 'Quiet Eyes'), ('1e8YXZzw4cnWV9QaSY3BtQ', 'Quiet Music for Sleep'), ('1OArWxrw689jZXaJzSErbh', 'Quiet, The Winter Harbor'), ('0MWPUaKo1L9kcqNy6CWio8', 'Quiet Contemplation'), ('3l8JuoE2LHb7hiFo7lKrkh', 'Quiet Down'), ('5GgCotrtjYSJcD11zYGGMc', 'Quiet Lullaby'), ('10IrJGEY0f48OGywIkZauw', 'Quiet Eyes'), ('5LYbJfH5SvlAxAgQKrv2wu', 'Quiet Night')]
The uri(s) of the tracks that match the search are ['spotify:track:75pOOR8GRCA5vTNglnJGsH', 'spotify:track:7fY5bvnh1EDqF2SS4JnOKS', 'spotify:track:2OShSwyI5I6XU45ipUux6Q', 'spotify:track:4VcNkcaVuZ26hdQvVg9A9j', 'spotify:track:0DnhhwJ9zw3xjRHGB7eo7R', 'spotify:track:1QIsVlaCz3U5GfsEJE9O8L', 'spotify:track:665Prhaf0Ob6J6p7SKpaQE', 'spotify:track:27C9JH4I82re0R5qAqjZFy', 'spotify:track:2r1pq34i8ddPXyxvfqDBCG', 'spotify:track:3scN63kYXt3MQTbPIy68uZ', 'spotify:track:5UOhiSuywxh22VLsnTieUW', 'spotify:track:481yC2QRW9qVKQiZDLzOHu', 'spotify:track:2oafUifmaR1uBS3o9o7uLO', 'spotify:track:1e8YXZzw4cnWV9QaSY3BtQ', 'spotify:track:1OArWxrw689jZXaJzSErbh', 'spotify:track:0MWPUaKo1L9kcqNy6CWio8', 'spotify:track:3l8JuoE2LHb7hiFo7lKrkh', 'spotify:track:5GgCotrtjYSJcD11zYGGMc', 'spotify:track:10IrJGEY0f48OGywIkZauw', 'spotify:track:5LYbJfH5SvlAxAgQKrv2wu']

Caller: I need to play tracks using uris provided by the search API.
Operation: PUT
Input:
{
    "url": "https://api.spotify.com/v1/me/player/play",
    "params": {
        "uris": ['spotify:track:75pOOR8GRCA5vTNglnJGsH', 'spotify:track:7fY5bvnh1EDqF2SS4JnOKS', 'spotify:track:2OShSwyI5I6XU45ipUux6Q', 'spotify:track:4VcNkcaVuZ26hdQvVg9A9j', 'spotify:track:0DnhhwJ9zw3xjRHGB7eo7R', 'spotify:track:1QIsVlaCz3U5GfsEJE9O8L', 'spotify:track:665Prhaf0Ob6J6p7SKpaQE', 'spotify:track:27C9JH4I82re0R5qAqjZFy', 'spotify:track:2r1pq34i8ddPXyxvfqDBCG', 'spotify:track:3scN63kYXt3MQTbPIy68uZ', 'spotify:track:5UOhiSuywxh22VLsnTieUW', 'spotify:track:481yC2QRW9qVKQiZDLzOHu', 'spotify:track:2oafUifmaR1uBS3o9o7uLO', 'spotify:track:1e8YXZzw4cnWV9QaSY3BtQ', 'spotify:track:1OArWxrw689jZXaJzSErbh', 'spotify:track:0MWPUaKo1L9kcqNy6CWio8', 'spotify:track:3l8JuoE2LHb7hiFo7lKrkh', 'spotify:track:5GgCotrtjYSJcD11zYGGMc', 'spotify:track:10IrJGEY0f48OGywIkZauw', 'spotify:track:5LYbJfH5SvlAxAgQKrv2wu']
    },
    "description": "Start a new context or resume current playback on the user's active device.",
    "output_instructions": "Return a 204 NO CONTENT response code."
}
Parser: Successfully played tracks.

=============
Ground truth: ['GET /search', 'PUT /me/player/play']