Query: Play a song from Taylor Swift's newest album
Planner: Search for the artist with name "Taylor Swift"
API Selector: GET /search?q=Taylor%20Swift&type=artist
Caller: I need to search for an artist named Taylor Swift.
Operation: GET
Input: {
    "url": "https://api.spotify.com/v1/search",
    "params": {
        "q": "Taylor Swift",
        "type": "artist"
    },
    "description": "Get Spotify catalog information about artists that match the keyword 'Taylor Swift'.",
    "output_instructions": "What is the id of the artist Taylor Swift?"
}
Code: 
artist_id = data['artists']['items'][0]['id']
print("The id of the artist Taylor Swift is {}".format(artist_id))
Parser: The id of the artist Taylor Swift is 06HL4z0CvFAxyc27GXpf02

Planner: Get the newest album of Taylor Swift (06HL4z0CvFAxyc27GXpf02)
API Selector: GET /artists/06HL4z0CvFAxyc27GXpf02/albums
Caller: I need to make a GET request to the endpoint /artists/{id}/albums to get information about Taylor Swift's albums. I will use the artist id "06HL4z0CvFAxyc27GXpf02" in the URL.

Operation: GET
Input: 
{
    "url": "https://api.spotify.com/v1/artists/06HL4z0CvFAxyc27GXpf02/albums",
    "description": "Get Spotify catalog information about Taylor Swift's albums.",
    "output_instructions": "What are the names and ids of Taylor Swift's albums?"
}

Code: 
album_id = data['items'][0]['id']
album_name = data['items'][0]['name']
Parser: The name of the album is 1989 (Taylor's Version) [Deluxe], id is 1o59UpKw81iHR0HPiSkJR0


Planner: Play a song from Taylor Swift's newest album "1989 (Taylor's Version) [Deluxe]" (1o59UpKw81iHR0HPiSkJR0)
API Selector: GET /albums/1o59UpKw81iHR0HPiSkJR0/tracks to get the tracks from Taylor Swift's album "1989 (Taylor's Version) [Deluxe]" (1o59UpKw81iHR0HPiSkJR0)
Caller: I need to call the API GET /albums/1o59UpKw81iHR0HPiSkJR0/tracks to get the tracks from Taylor Swift's album "1989 (Taylor's Version) [Deluxe]" (1o59UpKw81iHR0HPiSkJR0).
Operation: GET
Input: {
    "url": "https://api.spotify.com/v1/albums/1o59UpKw81iHR0HPiSkJR0/tracks",
    "description": "Get the tracks from Taylor Swift's album '1989 (Taylor's Version) [Deluxe]'",
    "output_instructions": "Return the names and ids of the tracks"
}

Code: 
track_id = data['items'][0]["id"]
track_name = data['items'][0]["name"]

print("The name of the track is: {}".format(track_names))
print("The id of the track is: {}".format(track_ids))
Parser: The name of the track is: Welcome To New York (Taylor's Version), id is 4WUepByoeqcedHoYhSNHRt

Caller: I need to call the API PUT /me/player/play to play the track "Welcome To New York (Taylor's Version)" (4WUepByoeqcedHoYhSNHRt)
Operation: PUT
Input: {
    "url": "https://api.spotify.com/v1/me/player/play",
    "data": {
        "uris": ["spotify:track:4WUepByoeqcedHoYhSNHRt"]
    },
    "description": "Start a new context or resume current playback on the user's active device.",
    "output_instructions": "Play the track 'Welcome To New York (Taylor's Version)'"
}
Parser: Playing the track 'Welcome To New York (Taylor's Version)'

=============
Ground truth: ['GET /search', 'GET /artists/{id}/albums', 'PUT /me/player/play']